2023-06-26 16:53:25.282012: start master.py
2023-06-26 16:53:25.287496: start s1_data.py
2023-06-26 17:06:40.626998: end s1_data.py: duration 00:13:15.34
2023-06-19 07:57:40.875866: start s21_snorkel.py
2023-06-19 10:10:55.251106: end s21_snorkel.py: duration 02:13:14.38
2023-06-26 17:06:40.630447: start s22_da.py
2023-06-27 18:56:07.354907: end s22_da.py: duration 25:49:26.72
2023-06-19 21:00:51.033560: start s23_tl.py
2023-06-19 22:33:56.595121: end s23_tl.py: duration 01:33:5.56
2023-06-27 18:56:07.390962: start s24_comb.py
2023-07-03 23:57:24.576326: end s24_comb.py: duration 149:01:17.19
2023-07-03 23:57:24.583612: start s3_prep.py
2023-07-04 00:46:54.671386: end s3_prep.py: duration 00:49:30.09
2023-07-04 00:46:54.674804: start s4_train.py
2023-07-04 00:46:54.675766: start Train Spacy
2023-07-04 01:16:08.579735: end Train Spacy: duration 00:29:13.9
2023-07-04 01:16:08.580398: start Train Spacy
2023-07-04 01:32:38.661320: end Train Spacy: duration 00:16:30.08
2023-07-04 01:32:38.661732: start Train Spacy
2023-07-04 02:24:19.564552: end Train Spacy: duration 00:51:40.9
2023-07-04 02:24:19.565507: start Train Spacy
2023-07-04 02:41:04.357140: end Train Spacy: duration 00:16:44.79
2023-07-04 02:41:04.357873: start Train Spacy
2023-07-04 03:13:22.081372: end Train Spacy: duration 00:32:17.72
2023-07-04 03:13:22.088722: end s4_train.py: duration 02:26:27.41
2023-07-04 03:13:22.091415: start s5_eval.py
2023-07-04 03:13:22.091726: start Evaluate Spacy
2023-07-04 03:13:43.823914: end Evaluate Spacy: duration 00:00:21.73
2023-07-04 03:13:43.824206: start Evaluate Spacy
2023-07-04 03:14:03.911185: end Evaluate Spacy: duration 00:00:20.09
2023-07-04 03:14:03.911553: start Evaluate Spacy
2023-07-04 03:14:23.618974: end Evaluate Spacy: duration 00:00:19.71
2023-07-04 03:14:23.619308: start Evaluate Spacy
2023-07-04 03:14:43.380315: end Evaluate Spacy: duration 00:00:19.76
2023-07-04 03:14:43.380599: start Evaluate Spacy
2023-07-04 03:15:03.172655: end Evaluate Spacy: duration 00:00:19.79
2023-07-04 03:15:03.177567: end s5_eval.py: duration 00:01:41.09
2023-07-04 03:15:03.206720: start sfinal_test.py
2023-07-04 03:15:17.145359: end sfinal_test.py: duration 00:00:13.94
2023-07-04 03:15:17.145525: end master.py: duration 178:21:51.86
