2023-04-18 08:21:25.073211: start /proj/Scripts/master.py
2023-04-18 08:21:25.080159: start /proj/Scripts/s1_data.py
2023-04-18 08:22:31.347359: end /proj/Scripts/s1_data.py: duration 00:01:6.27
2023-04-18 08:22:31.350046: start /proj/Scripts/s21_snorkel.py
2023-04-18 10:41:52.073960: end /proj/Scripts/s21_snorkel.py: duration 02:19:20.72
2023-04-18 10:41:52.074907: start /proj/Scripts/s22_al.py
2023-04-18 10:41:52.075440: end /proj/Scripts/s22_al.py: duration 00:00:0.0
2023-04-18 10:41:52.075833: start /proj/Scripts/s23_da.py
2023-04-18 10:41:52.075894: end /proj/Scripts/s23_da.py: duration 00:00:0.0
2023-04-18 10:41:52.077408: start /proj/Scripts/s24_tl.py
2023-04-18 11:25:23.746343: end /proj/Scripts/s24_tl.py: duration 00:43:31.67
2023-04-18 11:25:23.747185: start /proj/Scripts/s25_comb.py
2023-04-18 11:25:23.747258: end /proj/Scripts/s25_comb.py: duration 00:00:0.0
2023-04-18 11:25:23.749126: start /proj/Scripts/s3_prep.py
2023-04-18 11:28:42.549944: end /proj/Scripts/s3_prep.py: duration 00:03:18.8
2023-04-18 11:28:42.551256: start /proj/Scripts/s4_train.py
2023-04-18 11:30:37.158311: start /proj/Scripts/s4_train.py
2023-04-18 11:30:57.475195: start /proj/Scripts/s4_train.py
2023-04-18 11:31:08.137480: start /proj/Scripts/s4_train.py
2023-04-18 11:39:30.732032: start /proj/Scripts/s4_train.py
2023-04-18 11:40:20.101278: start /proj/Scripts/s4_train.py
2023-04-18 11:40:58.174345: start /proj/Scripts/s4_train.py
2023-04-18 11:41:21.790176: start /proj/Scripts/s4_train.py
2023-04-18 11:41:21.801649: start Train Spacy
2023-04-18 11:53:29.013912: start /proj/Scripts/s4_train.py
2023-04-18 11:53:29.025398: start Train Spacy
2023-04-18 11:56:41.515851: start /proj/Scripts/s4_train.py
2023-04-18 11:56:41.527165: start Train Spacy
2023-04-18 11:57:28.446438: start /proj/Scripts/s4_train.py
2023-04-18 11:57:28.457656: start Train Spacy
2023-04-18 11:59:32.322944: start /proj/Scripts/s4_train.py
2023-04-18 11:59:32.339665: start Train Spacy
2023-04-18 12:00:42.014544: start /proj/Scripts/s4_train.py
2023-04-18 12:00:42.025384: start Train Spacy
2023-04-18 12:01:53.786396: start /proj/Scripts/s4_train.py
2023-04-18 12:01:53.803152: start Train Spacy
2023-04-18 12:02:05.126238: start /proj/Scripts/s4_train.py
2023-04-18 12:02:05.137476: start Train Spacy
2023-04-18 12:04:28.009321: start /proj/Scripts/s4_train.py
2023-04-18 12:04:28.020722: start Train Spacy
2023-04-18 12:05:55.300972: start /proj/Scripts/s4_train.py
2023-04-18 12:05:55.312303: start Train Spacy
2023-04-18 12:15:52.768935: end Train Spacy: duration 00:09:57.46
2023-04-18 12:15:52.772015: start Train Spacy
2023-04-18 12:19:32.495496: start master.py
2023-04-18 12:19:32.504081: start /proj/Scripts/s1_data.py
2023-04-18 12:19:51.492587: end /proj/Scripts/s1_data.py: duration 00:00:18.99
2023-04-18 12:19:51.493384: start /proj/Scripts/s21_snorkel.py
2023-04-18 14:51:51.391872: end /proj/Scripts/s21_snorkel.py: duration 02:31:59.9
2023-04-18 14:51:51.392786: start s22_al.py
2023-04-18 14:51:51.393302: end s22_al.py: duration 00:00:0.0
2023-04-18 14:51:51.393783: start s23_da.py
2023-04-18 14:51:51.393848: end s23_da.py: duration 00:00:0.0
2023-04-18 14:51:51.395078: start s24_tl.py
2023-04-18 15:38:05.987868: end s24_tl.py: duration 00:46:14.59
2023-04-18 15:38:05.988805: start s25_comb.py
2023-04-18 15:38:05.988882: end s25_comb.py: duration 00:00:0.0
2023-04-18 15:38:05.990803: start s3_prep.py
2023-04-18 15:41:20.701161: end s3_prep.py: duration 00:03:14.71
2023-04-18 15:41:20.702607: start s4_train.py
2023-04-18 15:41:20.702893: start Train Spacy
2023-04-18 15:49:24.265609: end Train Spacy: duration 00:08:3.56
2023-04-18 15:49:24.266062: start Train Spacy
2023-04-18 15:59:39.417607: end Train Spacy: duration 00:10:15.15
2023-04-18 15:59:39.418057: start Train Spacy
2023-04-18 16:02:29.336697: end Train Spacy: duration 00:02:49.92
2023-04-18 16:02:29.337178: start Train Spacy
2023-04-18 16:14:49.867677: end Train Spacy: duration 00:12:20.53
2023-04-18 16:14:49.868149: start Train Spacy
2023-04-18 16:18:32.996083: end Train Spacy: duration 00:03:43.13
2023-04-18 16:18:32.996665: start Train Spacy
2023-04-18 16:22:15.013406: end Train Spacy: duration 00:03:42.02
2023-04-18 16:22:15.013975: start Train Spacy
2023-04-18 16:49:28.972820: end Train Spacy: duration 00:27:13.96
2023-04-18 16:49:28.973283: start Train Spacy
2023-04-18 16:59:37.002954: end Train Spacy: duration 00:10:8.03
2023-04-18 16:59:37.003402: start Train Spacy
2023-04-18 17:20:00.545729: end Train Spacy: duration 00:20:23.54
2023-04-18 17:20:00.555505: end s4_train.py: duration 01:38:39.85
2023-04-18 17:20:00.557066: start s5_eval.py
2023-04-18 17:20:00.557192: start Evaluate Spacy
2023-04-18 17:20:09.034504: end Evaluate Spacy: duration 00:00:8.48
2023-04-18 17:20:09.034716: start Evaluate Spacy
2023-04-18 17:20:17.872311: end Evaluate Spacy: duration 00:00:8.84
2023-04-18 17:20:17.872510: start Evaluate Spacy
2023-04-18 17:20:27.592273: end Evaluate Spacy: duration 00:00:9.72
2023-04-18 17:20:27.592488: start Evaluate Spacy
2023-04-18 17:20:34.271895: end Evaluate Spacy: duration 00:00:6.68
2023-04-18 17:20:34.272118: start Evaluate Spacy
2023-04-18 17:20:40.894496: end Evaluate Spacy: duration 00:00:6.62
2023-04-18 17:20:40.894665: start Evaluate Spacy
2023-04-18 17:20:47.505671: end Evaluate Spacy: duration 00:00:6.61
2023-04-18 17:20:47.505881: start Evaluate Spacy
2023-04-18 17:21:00.006607: end Evaluate Spacy: duration 00:00:12.5
2023-04-18 17:21:00.006753: start Evaluate Spacy
2023-04-18 17:21:11.980636: end Evaluate Spacy: duration 00:00:11.97
2023-04-18 17:21:11.980793: start Evaluate Spacy
2023-04-18 17:21:24.433226: end Evaluate Spacy: duration 00:00:12.45
2023-04-18 17:21:24.438725: end s5_eval.py: duration 00:01:23.88
2023-04-18 17:21:24.439879: start sfinal_test.py
2023-04-18 17:21:27.296695: end sfinal_test.py: duration 00:00:2.86
2023-04-18 17:21:27.296799: end master.py: duration 05:01:54.8
2023-04-18 17:23:58.698529: start s4_train.py
2023-04-18 17:23:58.717125: start Train Spacy
2023-04-18 17:33:57.925449: end Train Spacy: duration 00:09:59.21
2023-04-18 17:33:57.929862: start Train Spacy
2023-04-18 17:46:02.939326: end Train Spacy: duration 00:12:5.01
2023-04-18 17:46:02.939946: start Train Spacy
2023-04-18 17:48:57.007405: start s4_train.py
2023-04-18 17:51:52.324206: start s4_train.py
2023-04-18 17:52:45.998090: start s4_train.py
2023-04-18 17:52:46.009181: start Train Spacy
2023-04-18 17:55:05.761920: start s4_train.py
2023-04-18 17:55:05.773398: start Train Spacy
2023-04-18 17:58:05.047023: start s4_train.py
2023-04-18 17:58:05.058691: start Train Spacy
2023-04-18 18:01:20.874926: start s4_train.py
2023-04-18 18:01:20.886338: start Train Spacy
2023-04-18 18:01:46.537175: start s4_train.py
2023-04-18 18:01:46.548488: start Train Spacy
2023-04-18 18:03:45.828397: start s4_train.py
2023-04-18 18:03:45.839662: start Train Spacy
2023-04-18 18:05:44.841991: start s4_train.py
2023-04-18 18:05:44.855600: start Train Spacy
2023-04-18 18:08:44.192056: start s4_train.py
2023-04-18 18:08:44.203152: start Train Spacy
2023-04-18 18:09:08.295833: start s4_train.py
2023-04-18 18:09:08.312751: start Train Spacy
2023-04-18 18:09:37.876648: start s4_train.py
2023-04-18 18:09:37.887808: start Train Spacy
2023-04-18 18:19:18.850498: end Train Spacy: duration 00:09:40.96
2023-04-18 18:19:18.858069: start Train Spacy
2023-04-18 18:31:21.670216: end Train Spacy: duration 00:12:2.81
2023-04-18 18:31:21.670453: start Train Spacy
2023-04-18 18:34:41.329992: end Train Spacy: duration 00:03:19.66
2023-04-18 18:34:41.330324: start Train Spacy
2023-04-18 18:49:34.181849: end Train Spacy: duration 00:14:52.85
2023-04-18 18:49:34.182228: start Train Spacy
2023-04-18 18:54:00.112252: end Train Spacy: duration 00:04:25.93
2023-04-18 18:54:00.112772: start Train Spacy
2023-04-18 18:58:27.081154: end Train Spacy: duration 00:04:26.97
2023-04-18 18:58:27.081503: start Train Spacy
2023-04-18 19:30:47.314449: end Train Spacy: duration 00:32:20.23
2023-04-18 19:30:47.314787: start Train Spacy
2023-04-18 19:42:30.737573: end Train Spacy: duration 00:11:43.42
2023-04-18 19:42:30.738028: start Train Spacy
2023-04-18 20:06:06.581661: end Train Spacy: duration 00:23:35.84
2023-04-18 20:06:06.600424: end s4_train.py: duration 01:56:28.73
2023-04-19 07:18:31.408023: start s4_train.py
2023-04-19 07:18:31.419288: start Train Spacy germaner
2023-04-19 07:21:48.594368: start s4_train.py
2023-04-19 07:21:48.606072: start Train Spacy germaner
2023-04-19 07:23:51.763169: start s4_train.py
2023-04-19 07:23:51.779572: start Train Spacy germaner
2023-04-19 07:33:49.095861: end Train Spacy: duration 00:09:57.32
2023-04-19 07:33:49.100893: start Train Spacy snorkel_germaner
2023-04-19 07:45:51.225069: end Train Spacy: duration 00:12:2.12
2023-04-19 07:45:51.225488: start Train Spacy transfer_germaner
2023-04-19 07:49:11.037824: end Train Spacy: duration 00:03:19.81
2023-04-19 07:49:11.038241: start Train Spacy germeval_14
2023-04-19 08:04:33.048581: end Train Spacy: duration 00:15:22.01
2023-04-19 08:04:33.049015: start Train Spacy snorkel_germeval_14
2023-04-19 08:09:06.513504: end Train Spacy: duration 00:04:33.46
2023-04-19 08:09:06.513754: start Train Spacy transfer_germeval_14
2023-04-19 08:13:36.640346: end Train Spacy: duration 00:04:30.13
2023-04-19 08:13:36.640775: start Train Spacy wikiann
2023-04-19 08:45:22.616237: end Train Spacy: duration 00:31:45.98
2023-04-19 08:45:22.616641: start Train Spacy snorkel_wikiann
2023-04-19 08:57:07.944969: end Train Spacy: duration 00:11:45.33
2023-04-19 08:57:07.945376: start Train Spacy transfer_wikiann
2023-04-19 09:20:47.327313: end Train Spacy: duration 00:23:39.38
2023-04-19 09:20:47.347052: end s4_train.py: duration 01:56:55.59
2023-04-19 09:22:45.825160: start s23_da.py
2023-04-19 09:30:41.508635: start s23_da.py
2023-04-19 09:37:54.387373: start s23_da.py
2023-04-19 09:55:18.726532: start s23_da.py
2023-04-19 10:02:37.669037: start s23_da.py
2023-04-19 10:17:58.328339: start s23_da.py
2023-04-19 16:08:01.215645: start s23_da.py
2023-04-20 17:03:15.807525: start s23_da.py
2023-04-20 18:59:22.169282: start s23_da.py
2023-04-20 20:03:11.184216: end s23_da.py: duration 01:03:49.02
2023-04-20 20:25:09.901343: start s23_da.py
2023-04-22 15:27:28.577587: end s23_da.py: duration 43:02:18.68
2023-04-25 06:26:48.014554: end s23_da.py: duration 140:08:49.68
2023-04-30 09:15:24.516863: start s23_da.py
2023-04-30 09:17:27.603390: start s23_da.py
2023-04-30 09:17:40.318896: start s23_da.py
2023-04-30 09:18:59.609342: start s23_da.py
2023-04-30 09:20:44.374184: start s23_da.py
2023-04-30 09:29:03.054320: start s23_da.py
2023-04-30 09:30:25.059049: start s23_da.py
2023-04-30 09:35:52.653154: end s23_da.py: duration 00:05:27.6
2023-04-30 09:36:03.576258: start s23_da.py
2023-04-30 09:40:00.805497: start s23_da.py
2023-04-30 09:53:25.744645: start s23_da.py
2023-04-30 10:06:37.348468: start s23_da.py
2023-04-30 10:09:23.012802: start s23_da.py
2023-04-30 10:10:49.611042: start s23_da.py
2023-04-30 10:11:34.044108: start s23_da.py
2023-04-30 10:17:17.783592: end s23_da.py: duration 00:05:43.74
2023-04-30 10:45:22.841577: start s23_da.py
2023-05-13 21:21:19.968772: start master.py
2023-05-13 21:21:19.982047: start s1_data.py
2023-05-13 21:21:39.419687: end s1_data.py: duration 00:00:19.44
2023-05-13 21:21:39.423864: start s21_snorkel.py
2023-05-13 21:23:42.800689: start master.py
2023-05-13 21:23:42.806936: start s1_data.py
2023-05-13 21:23:47.944872: end s1_data.py: duration 00:00:5.14
2023-05-13 21:23:47.945545: start s21_snorkel.py
2023-05-13 22:23:34.375764: end s21_snorkel.py: duration 00:59:46.43
2023-05-13 22:23:34.377033: start s22_al.py
2023-05-13 22:23:34.377397: end s22_al.py: duration 00:00:0.0
2023-05-13 22:23:34.379495: start s23_da.py
2023-05-20 06:58:08.174658: start s23_da.py
2023-05-20 07:04:02.033768: start s23_da.py
2023-05-20 07:09:51.774077: start master.py
2023-05-20 07:09:51.781225: start s1_data.py
2023-05-20 07:09:56.721653: end s1_data.py: duration 00:00:4.94
2023-05-20 07:09:56.724688: start s21_snorkel.py
2023-05-20 08:22:21.932900: end s21_snorkel.py: duration 01:12:25.21
2023-05-20 08:22:21.933636: start s22_al.py
2023-05-20 08:22:21.934069: end s22_al.py: duration 00:00:0.0
2023-05-20 08:22:21.937157: start s23_da.py
2023-05-20 12:56:13.574966: end s23_da.py: duration 04:33:51.64
2023-05-20 12:56:13.577628: start s24_tl.py
2023-05-20 13:17:46.437221: end s24_tl.py: duration 00:21:32.86
2023-05-20 13:17:46.443813: start s25_comb.py
2023-05-23 20:56:11.506173: start master.py
2023-05-23 20:56:11.519820: start s1_data.py
2023-05-23 20:56:18.663265: end s1_data.py: duration 00:00:7.14
2023-05-23 20:56:18.667049: start s21_snorkel.py
2023-05-23 22:08:15.319089: end s21_snorkel.py: duration 01:11:56.65
2023-05-23 22:08:15.319858: start s22_al.py
2023-05-23 22:08:15.320573: end s22_al.py: duration 00:00:0.0
2023-05-23 22:08:15.325230: start s23_da.py
2023-05-23 22:10:14.154820: start master.py
2023-05-23 22:10:14.164007: start s1_data.py
2023-05-23 22:10:19.418691: end s1_data.py: duration 00:00:5.25
2023-05-23 22:10:19.419221: start s21_snorkel.py
2023-05-23 23:21:33.289724: end s21_snorkel.py: duration 01:11:13.87
2023-05-23 23:21:33.290224: start s22_al.py
2023-05-23 23:21:33.290669: end s22_al.py: duration 00:00:0.0
2023-05-23 23:21:33.291197: start s23_da.py
2023-05-25 20:08:52.635691: end s23_da.py: duration 44:47:19.34
2023-05-25 20:08:52.638069: start s24_tl.py
2023-05-25 20:22:18.826863: end s24_tl.py: duration 00:13:26.19
2023-05-25 20:22:18.832123: start s25_comb.py
2023-05-29 22:07:16.267006: end s25_comb.py: duration 97:44:57.43
2023-05-29 22:07:16.270785: start s3_prep.py
2023-05-29 22:56:43.075952: end s3_prep.py: duration 00:49:26.81
2023-05-29 22:56:43.078247: start s4_train.py
2023-05-30 18:28:13.855066: start s4_train.py
2023-05-30 18:29:21.488207: start s4_train.py
2023-05-30 18:29:33.643546: start s4_train.py
2023-05-30 18:29:59.066169: start s4_train.py
2023-05-30 18:29:59.077719: start Train Spacy
2023-05-30 18:37:26.497965: start s4_train.py
2023-05-30 18:37:26.509146: start Train Spacy
2023-05-30 18:42:51.234328: end Train Spacy: duration 00:05:24.72
2023-05-30 18:42:51.238688: start Train Spacy
2023-05-30 18:47:12.424979: end Train Spacy: duration 00:04:21.19
2023-05-30 18:47:12.425463: start Train Spacy
2023-05-30 19:22:46.648680: end Train Spacy: duration 00:35:34.22
2023-05-30 19:22:46.649169: start Train Spacy
2023-05-30 19:28:03.444309: end Train Spacy: duration 00:05:16.8
2023-05-30 19:28:03.444569: start Train Spacy
2023-05-30 20:09:46.890118: end Train Spacy: duration 00:41:43.45
2023-05-30 20:09:46.893886: end s4_train.py: duration 01:32:20.4
2023-05-31 06:56:49.896941: start s5_eval.py
2023-05-31 06:56:49.904943: start Evaluate Spacy
2023-05-31 07:00:11.623765: start s5_eval.py
2023-05-31 07:00:11.631927: start Evaluate Spacy
2023-05-31 07:00:22.010225: end Evaluate Spacy: duration 00:00:10.38
2023-05-31 07:00:22.010371: start Evaluate Spacy
2023-05-31 07:00:32.340647: end Evaluate Spacy: duration 00:00:10.33
2023-05-31 07:00:32.340785: start Evaluate Spacy
2023-05-31 07:00:42.674541: end Evaluate Spacy: duration 00:00:10.33
2023-05-31 07:00:42.674699: start Evaluate Spacy
2023-05-31 07:00:53.050227: end Evaluate Spacy: duration 00:00:10.38
2023-05-31 07:00:53.050382: start Evaluate Spacy
2023-05-31 07:01:03.870010: end Evaluate Spacy: duration 00:00:10.82
2023-05-31 07:01:03.880655: end s5_eval.py: duration 00:00:52.26
2023-05-31 07:01:25.187839: start sfinal_test.py
2023-05-31 07:01:55.074655: start sfinal_test.py
2023-05-31 07:02:00.971207: end sfinal_test.py: duration 00:00:5.9
2023-05-31 07:14:00.897328: start s5_eval.py
2023-05-31 07:14:00.903116: start Evaluate Spacy
2023-05-31 07:14:08.745968: end Evaluate Spacy: duration 00:00:7.84
2023-05-31 07:14:08.746153: start Evaluate Spacy
2023-05-31 07:14:16.820867: end Evaluate Spacy: duration 00:00:8.07
2023-05-31 07:14:16.821047: start Evaluate Spacy
2023-05-31 07:14:24.922548: end Evaluate Spacy: duration 00:00:8.1
2023-05-31 07:14:24.922745: start Evaluate Spacy
2023-05-31 07:14:32.576378: end Evaluate Spacy: duration 00:00:7.65
2023-05-31 07:14:32.576548: start Evaluate Spacy
2023-05-31 07:14:40.898585: end Evaluate Spacy: duration 00:00:8.32
2023-05-31 07:14:40.913066: end s5_eval.py: duration 00:00:40.02
2023-05-31 07:28:21.000700: start s21_snorkel.py
2023-05-31 08:40:45.563474: end s21_snorkel.py: duration 01:12:24.56
2023-05-31 08:40:59.707186: start s3_prep.py
2023-05-31 10:10:35.124505: start master.py
2023-05-31 10:10:35.138820: start s1_data.py
2023-05-31 10:10:41.008121: end s1_data.py: duration 00:00:5.87
2023-05-31 10:10:41.012715: start s21_snorkel.py
2023-05-31 11:18:58.100962: end s21_snorkel.py: duration 01:08:17.09
2023-05-31 11:18:58.101571: start s22_al.py
2023-05-31 11:18:58.101962: end s22_al.py: duration 00:00:0.0
2023-05-31 11:18:58.102581: start s23_da.py
2023-06-02 11:28:45.274437: end s23_da.py: duration 48:09:47.17
2023-06-02 11:28:45.297459: start s24_tl.py
2023-06-02 11:49:23.439062: end s24_tl.py: duration 00:20:38.14
2023-06-02 11:49:23.459300: start s25_comb.py
2023-06-04 07:36:11.942194: start s4_train.py
2023-06-04 07:41:52.056183: start s4_train.py
2023-06-04 07:41:52.067386: start Train Spacy
2023-06-04 07:44:27.863254: start s4_train.py
2023-06-04 07:44:27.875092: start Train Spacy
2023-06-04 07:45:20.316959: start s4_train.py
2023-06-04 07:45:20.328676: start Train Spacy
2023-06-04 07:47:39.441615: start s4_train.py
2023-06-04 07:47:39.452754: start Train Spacy
2023-06-05 12:09:58.643221: start s4_train.py
2023-06-05 12:09:58.661682: start Train Spacy
2023-06-05 12:16:30.408887: start s4_train.py
2023-06-05 12:16:30.419517: start Train Spacy
2023-06-07 08:24:07.324849: start s4_train.py
2023-06-07 08:24:07.334488: start Train Spacy
2023-06-07 08:57:48.071937: start s4_train.py
2023-06-07 08:57:48.089060: start Train Spacy
2023-06-07 09:07:44.968407: end Train Spacy: duration 00:09:56.88
2023-06-07 09:07:44.973916: start Train Spacy
2023-06-07 09:16:25.521525: end Train Spacy: duration 00:08:40.55
2023-06-07 09:16:25.521919: start Train Spacy
2023-06-07 09:30:22.591941: start s4_train.py
2023-06-07 09:30:22.608657: start Train Spacy
2023-06-07 09:34:55.007934: start s4_train.py
2023-06-07 09:34:55.023691: start Train Spacy
2023-06-07 09:46:23.120638: start s4_train.py
2023-06-07 09:46:23.138089: start Train Spacy
2023-06-07 09:47:30.946975: start s4_train.py
2023-06-07 09:47:30.963794: start Train Spacy
2023-06-07 09:49:13.183991: start s4_train.py
2023-06-07 09:49:13.200943: start Train Spacy
2023-06-07 11:47:35.886112: start master.py
2023-06-07 11:47:35.898608: start s1_data.py
2023-06-07 11:47:43.533466: end s1_data.py: duration 00:00:7.63
2023-06-07 11:47:43.539437: start s21_snorkel.py
2023-06-07 12:02:28.260016: end s21_snorkel.py: duration 00:14:44.72
2023-06-07 12:02:28.264453: start s22_da.py
2023-06-08 01:26:59.070581: end s25_comb.py: duration 133:37:35.61
2023-06-08 01:26:59.215007: start s3_prep.py
2023-06-08 07:07:47.425910: start s4_train.py
2023-06-08 07:07:47.443170: start Train Spacy
2023-06-08 07:41:39.472423: start s3_prep.py
2023-06-08 08:11:10.944556: end s22_da.py: duration 20:08:42.68
2023-06-08 08:11:10.973712: start s23_tl.py
2023-06-08 08:51:54.341040: end s23_tl.py: duration 00:40:43.37
2023-06-08 08:51:54.347882: start s24_comb.py
2023-06-08 11:04:13.880011: start s22_da.py
2023-06-08 11:08:27.232437: start s22_da.py
2023-06-08 11:10:52.847724: start s22_da.py
2023-06-08 11:13:41.928509: start s22_da.py
2023-06-08 11:15:52.285801: start s22_da.py
2023-06-08 11:17:59.745375: start s22_da.py
2023-06-08 11:19:21.604461: start s22_da.py
2023-06-08 11:22:01.357704: start master.py
2023-06-08 11:22:01.371135: start s1_data.py
2023-06-08 11:22:08.584138: end s1_data.py: duration 00:00:7.21
2023-06-08 11:22:08.588989: start s21_snorkel.py
2023-06-08 11:35:15.752380: end s21_snorkel.py: duration 00:13:7.16
2023-06-08 11:35:15.756561: start s22_da.py
2023-06-08 11:41:01.947668: start master.py
2023-06-08 11:41:01.956414: start s1_data.py
2023-06-08 11:41:09.070378: end s1_data.py: duration 00:00:7.11
2023-06-08 11:41:09.071174: start s21_snorkel.py
2023-06-08 11:54:12.118473: end s21_snorkel.py: duration 00:13:3.05
2023-06-08 11:54:12.119282: start s22_da.py
2023-06-08 13:31:19.022795: start master.py
2023-06-08 13:31:19.031938: start s1_data.py
2023-06-08 13:31:26.337677: end s1_data.py: duration 00:00:7.31
2023-06-08 13:31:26.340201: start s21_snorkel.py
2023-06-08 13:36:06.541252: start master.py
2023-06-08 13:36:06.549979: start s1_data.py
2023-06-08 13:36:13.745923: end s1_data.py: duration 00:00:7.2
2023-06-08 13:36:13.746759: start s21_snorkel.py
2023-06-08 13:48:45.836905: end s21_snorkel.py: duration 00:12:32.09
2023-06-08 13:48:45.840031: start s22_da.py
2023-06-08 14:14:03.217530: start master.py
2023-06-08 14:14:03.226620: start s1_data.py
2023-06-08 14:14:11.032177: end s1_data.py: duration 00:00:7.81
2023-06-08 14:14:11.033871: start s21_snorkel.py
2023-06-08 14:16:59.580175: start master.py
2023-06-08 14:16:59.589144: start s1_data.py
2023-06-08 14:17:05.784847: end s1_data.py: duration 00:00:6.2
2023-06-08 14:17:05.785765: start s21_snorkel.py
2023-06-08 14:29:47.533681: end s21_snorkel.py: duration 00:12:41.75
2023-06-08 14:29:47.536943: start s22_da.py
2023-06-08 14:58:34.824232: end s22_da.py: duration 00:28:47.29
2023-06-08 14:58:34.826494: start s23_tl.py
2023-06-08 17:07:24.970846: end s23_tl.py: duration 02:08:50.14
2023-06-08 17:07:24.976861: start s24_comb.py
2023-06-08 19:33:41.256274: end s24_comb.py: duration 02:26:16.28
2023-06-08 19:33:41.259898: start s3_prep.py
2023-06-08 19:39:52.915090: end s3_prep.py: duration 00:06:11.66
2023-06-08 19:39:52.918248: start s4_train.py
2023-06-08 19:39:52.918756: start Train Spacy
2023-06-08 20:09:41.473973: end Train Spacy: duration 00:29:48.56
2023-06-08 20:09:41.474351: start Train Spacy
2023-06-08 20:48:05.112310: end Train Spacy: duration 00:38:23.64
2023-06-08 20:48:05.112724: start Train Spacy
2023-06-08 21:25:15.586163: end Train Spacy: duration 00:37:10.47
2023-06-08 21:25:15.586518: start Train Spacy
2023-06-08 22:08:41.147367: end Train Spacy: duration 00:43:25.56
2023-06-08 22:08:41.147745: start Train Spacy
2023-06-08 22:42:05.770759: end Train Spacy: duration 00:33:24.62
2023-06-08 22:42:05.775451: end s4_train.py: duration 03:02:12.86
2023-06-08 22:42:05.777834: start s5_eval.py
2023-06-09 06:18:16.274937: start s5_eval.py
2023-06-09 06:18:52.170252: start s5_eval.py
2023-06-09 06:18:52.175922: start Evaluate Spacy
2023-06-09 06:21:30.815134: end Evaluate Spacy: duration 00:02:38.64
2023-06-09 06:21:30.815643: start Evaluate Spacy
2023-06-09 06:24:15.843478: end Evaluate Spacy: duration 00:02:45.03
2023-06-09 06:24:15.843658: start Evaluate Spacy
2023-06-09 06:26:42.553742: end Evaluate Spacy: duration 00:02:26.71
2023-06-09 06:26:42.553980: start Evaluate Spacy
2023-06-09 06:29:09.125556: end Evaluate Spacy: duration 00:02:26.57
2023-06-09 06:29:09.125733: start Evaluate Spacy
2023-06-09 06:31:40.224484: end Evaluate Spacy: duration 00:02:31.1
2023-06-09 06:31:40.236980: end s5_eval.py: duration 00:12:48.07
2023-06-09 06:31:51.704384: start sfinal_test.py
2023-06-09 06:32:23.845324: end sfinal_test.py: duration 00:00:32.14
2023-06-09 06:34:21.088373: start sfinal_test.py
2023-06-09 06:34:52.105306: end sfinal_test.py: duration 00:00:31.02
2023-06-09 06:39:40.703438: start sfinal_test.py
2023-06-09 06:40:11.541213: end sfinal_test.py: duration 00:00:30.84
2023-06-09 06:44:42.187125: start s5_eval.py
2023-06-09 06:44:42.195034: start Evaluate Spacy
2023-06-09 06:45:08.492684: end Evaluate Spacy: duration 00:00:26.3
2023-06-09 06:45:08.492914: start Evaluate Spacy
2023-06-09 06:45:34.536131: end Evaluate Spacy: duration 00:00:26.04
2023-06-09 06:45:34.536342: start Evaluate Spacy
2023-06-09 06:46:01.616275: end Evaluate Spacy: duration 00:00:27.08
2023-06-09 06:46:01.616498: start Evaluate Spacy
2023-06-09 06:46:27.896285: end Evaluate Spacy: duration 00:00:26.28
2023-06-09 06:46:27.896474: start Evaluate Spacy
2023-06-09 06:46:55.335770: end Evaluate Spacy: duration 00:00:27.44
2023-06-09 06:46:55.347844: end s5_eval.py: duration 00:02:13.16
2023-06-09 08:37:22.840295: start s4_train.py
2023-06-09 08:37:22.850564: start Train Spacy
2023-06-09 08:42:25.251496: end Train Spacy: duration 00:05:2.4
2023-06-09 08:42:25.255691: start Train Spacy
2023-06-09 08:48:32.235112: end Train Spacy: duration 00:06:6.98
2023-06-09 08:48:32.235762: start Train Spacy
2023-06-09 09:06:28.991940: end Train Spacy: duration 00:17:56.76
2023-06-09 09:06:28.992359: start Train Spacy
2023-06-09 09:12:25.706674: end Train Spacy: duration 00:05:56.71
2023-06-09 09:12:25.707102: start Train Spacy
2023-06-09 09:27:49.353925: end Train Spacy: duration 00:15:23.65
2023-06-09 09:27:49.361850: end s4_train.py: duration 00:50:26.52
2023-06-09 09:28:20.394035: start s5_eval.py
2023-06-09 09:28:20.402224: start Evaluate Spacy
2023-06-09 09:28:36.896036: end Evaluate Spacy: duration 00:00:16.49
2023-06-09 09:28:36.896224: start Evaluate Spacy
2023-06-09 09:28:52.375444: end Evaluate Spacy: duration 00:00:15.48
2023-06-09 09:28:52.375629: start Evaluate Spacy
2023-06-09 09:29:08.010777: end Evaluate Spacy: duration 00:00:15.63
2023-06-09 09:29:08.010961: start Evaluate Spacy
2023-06-09 09:29:23.319668: end Evaluate Spacy: duration 00:00:15.31
2023-06-09 09:29:23.319846: start Evaluate Spacy
2023-06-09 09:29:39.238663: end Evaluate Spacy: duration 00:00:15.92
2023-06-09 09:29:39.251863: end s5_eval.py: duration 00:01:18.86
2023-06-09 09:34:49.004277: start sfinal_test.py
2023-06-09 09:34:58.681829: end sfinal_test.py: duration 00:00:9.68
2023-06-09 11:20:28.919473: start master.py
2023-06-09 11:20:28.925779: start s1_data.py
2023-06-09 11:20:34.599053: end s1_data.py: duration 00:00:5.67
2023-06-09 11:20:34.599654: start s21_snorkel.py
2023-06-09 11:32:22.426473: end s21_snorkel.py: duration 00:11:47.83
2023-06-09 11:32:22.429471: start s22_da.py
2023-06-09 11:42:36.695287: start master.py
2023-06-09 11:42:36.700905: start s1_data.py
2023-06-09 11:42:42.057369: end s1_data.py: duration 00:00:5.36
2023-06-09 11:42:42.059456: start s21_snorkel.py
2023-06-09 11:56:39.958523: end s21_snorkel.py: duration 00:13:57.9
2023-06-09 11:56:39.961539: start s22_da.py
2023-06-09 12:28:19.146569: end s22_da.py: duration 00:31:39.18
2023-06-09 12:28:19.147974: start s23_tl.py
2023-06-09 13:04:40.844031: end s23_tl.py: duration 00:36:21.7
2023-06-09 13:04:40.850329: start s24_comb.py
2023-06-09 14:45:51.604545: end s24_comb.py: duration 01:41:10.75
2023-06-09 14:45:51.605459: start s3_prep.py
2023-06-09 14:51:11.616704: end s3_prep.py: duration 00:05:20.01
2023-06-09 14:51:11.617441: start s4_train.py
2023-06-09 14:51:11.618015: start Train Spacy
2023-06-09 14:56:18.902904: end Train Spacy: duration 00:05:7.28
2023-06-09 14:56:18.903434: start Train Spacy
2023-06-09 15:01:17.506455: end Train Spacy: duration 00:04:58.6
2023-06-09 15:01:17.506819: start Train Spacy
2023-06-09 15:13:13.184955: end Train Spacy: duration 00:11:55.68
2023-06-09 15:13:13.185660: start Train Spacy
2023-06-09 15:18:11.434702: end Train Spacy: duration 00:04:58.25
2023-06-09 15:18:11.435399: start Train Spacy
2023-06-09 15:43:18.614984: end Train Spacy: duration 00:25:7.18
2023-06-09 15:43:18.621438: start Train Spacy
2023-06-09 16:07:40.521377: end Train Spacy: duration 00:24:21.9
2023-06-09 16:07:40.521863: start Train Spacy
2023-06-09 16:34:00.560058: end Train Spacy: duration 00:26:20.04
2023-06-09 16:34:00.560395: start Train Spacy
2023-06-09 16:58:15.033396: end Train Spacy: duration 00:24:14.47
2023-06-09 16:58:15.033736: start Train Spacy
2023-06-09 17:20:59.225797: end Train Spacy: duration 00:22:44.19
2023-06-09 17:20:59.226045: start Train Spacy
2023-06-09 17:53:03.346663: end Train Spacy: duration 00:32:4.12
2023-06-09 17:53:03.357327: end s4_train.py: duration 03:01:51.74
2023-06-09 17:53:03.359377: start s5_eval.py
2023-06-09 17:53:03.359476: start Evaluate Spacy
2023-06-09 17:53:20.448778: end Evaluate Spacy: duration 00:00:17.09
2023-06-09 17:53:20.448963: start Evaluate Spacy
2023-06-09 17:53:36.402833: end Evaluate Spacy: duration 00:00:15.95
2023-06-09 17:53:36.403078: start Evaluate Spacy
2023-06-09 17:53:51.506979: end Evaluate Spacy: duration 00:00:15.1
2023-06-09 17:53:51.507296: start Evaluate Spacy
2023-06-09 17:54:06.934157: end Evaluate Spacy: duration 00:00:15.43
2023-06-09 17:54:06.934458: start Evaluate Spacy
2023-06-09 17:54:22.972117: end Evaluate Spacy: duration 00:00:16.04
2023-06-09 17:54:22.976499: start Evaluate Spacy
2023-06-09 17:54:42.829379: end Evaluate Spacy: duration 00:00:19.85
2023-06-09 17:54:42.829538: start Evaluate Spacy
2023-06-09 17:55:02.562289: end Evaluate Spacy: duration 00:00:19.73
2023-06-09 17:55:02.562457: start Evaluate Spacy
2023-06-09 17:55:22.163555: end Evaluate Spacy: duration 00:00:19.6
2023-06-09 17:55:22.163781: start Evaluate Spacy
2023-06-09 17:55:41.934803: end Evaluate Spacy: duration 00:00:19.77
2023-06-09 17:55:41.934954: start Evaluate Spacy
2023-06-09 17:56:02.371311: end Evaluate Spacy: duration 00:00:20.44
2023-06-09 17:56:02.378758: end s5_eval.py: duration 00:02:59.02
2023-06-09 17:56:02.382789: start sfinal_test.py
2023-06-09 17:56:17.495051: end sfinal_test.py: duration 00:00:15.11
2023-06-09 17:56:17.495181: end master.py: duration 06:13:40.8
2023-06-09 17:59:35.531751: start s5_eval.py
2023-06-09 17:59:35.540855: start Evaluate Spacy
2023-06-09 17:59:49.883381: end Evaluate Spacy: duration 00:00:14.34
2023-06-09 17:59:49.883629: start Evaluate Spacy
2023-06-09 18:00:03.530340: end Evaluate Spacy: duration 00:00:13.65
2023-06-09 18:00:03.530601: start Evaluate Spacy
2023-06-09 18:00:17.461302: end Evaluate Spacy: duration 00:00:13.93
2023-06-09 18:00:17.461490: start Evaluate Spacy
2023-06-09 18:00:31.685013: end Evaluate Spacy: duration 00:00:14.22
2023-06-09 18:00:31.685289: start Evaluate Spacy
2023-06-09 18:00:46.412271: end Evaluate Spacy: duration 00:00:14.73
2023-06-09 18:00:46.425183: start Evaluate Spacy
2023-06-09 18:01:09.066922: end Evaluate Spacy: duration 00:00:22.64
2023-06-09 18:01:09.067118: start Evaluate Spacy
2023-06-09 18:01:31.937890: end Evaluate Spacy: duration 00:00:22.87
2023-06-09 18:01:31.938157: start Evaluate Spacy
2023-06-09 18:01:54.883501: end Evaluate Spacy: duration 00:00:22.95
2023-06-09 18:01:54.883686: start Evaluate Spacy
2023-06-09 18:02:17.308865: end Evaluate Spacy: duration 00:00:22.43
2023-06-09 18:02:17.309071: start Evaluate Spacy
2023-06-09 18:02:39.892963: end Evaluate Spacy: duration 00:00:22.58
2023-06-09 18:02:39.897792: end s5_eval.py: duration 00:03:4.37
2023-06-09 18:02:52.761017: start sfinal_test.py
2023-06-09 18:03:21.365971: end sfinal_test.py: duration 00:00:28.61
2023-06-09 18:06:03.835626: start master.py
2023-06-09 18:06:03.845045: start s1_data.py
2023-06-09 18:06:09.637062: end s1_data.py: duration 00:00:5.79
2023-06-09 18:06:09.637853: start s21_snorkel.py
2023-06-09 18:19:22.923568: end s21_snorkel.py: duration 00:13:13.29
2023-06-09 18:19:22.924149: start s22_da.py
2023-06-11 21:09:07.152023: end s22_da.py: duration 50:49:44.23
2023-06-11 21:09:07.153357: start s23_tl.py
2023-06-11 21:23:41.409508: end s23_tl.py: duration 00:14:34.26
2023-06-11 21:23:41.411104: start s24_comb.py
2023-06-17 04:29:33.430492: end s24_comb.py: duration 127:05:52.02
2023-06-17 04:29:33.437477: start s3_prep.py
2023-06-17 05:32:26.463012: end s3_prep.py: duration 01:02:53.03
2023-06-17 05:32:26.466266: start s4_train.py
2023-06-17 05:32:26.467687: start Train Spacy
2023-06-17 05:38:08.485905: end Train Spacy: duration 00:05:42.02
2023-06-17 05:38:08.486248: start Train Spacy
2023-06-17 05:43:51.445863: end Train Spacy: duration 00:05:42.96
2023-06-17 05:43:51.446197: start Train Spacy
2023-06-17 06:09:25.444651: end Train Spacy: duration 00:25:34.0
2023-06-17 06:09:25.445017: start Train Spacy
2023-06-17 06:15:19.828284: end Train Spacy: duration 00:05:54.38
2023-06-17 06:15:19.828631: start Train Spacy
2023-06-17 06:47:09.481967: end Train Spacy: duration 00:31:49.65
2023-06-17 06:47:09.485275: start Train Spacy
2023-06-17 07:26:38.459042: end Train Spacy: duration 00:39:28.97
2023-06-17 07:26:38.459385: start Train Spacy
2023-06-17 08:00:55.309875: end Train Spacy: duration 00:34:16.85
2023-06-17 08:00:55.310246: start Train Spacy
2023-06-17 08:03:45.328484: start s21_snorkel.py
2023-06-17 08:04:11.241454: start s21_snorkel.py
2023-06-17 08:15:37.080712: start s21_snorkel.py
2023-06-17 08:26:58.481161: start s21_snorkel.py
2023-06-17 08:27:44.418148: start s21_snorkel.py
2023-06-17 08:38:58.491357: start s21_snorkel.py
2023-06-17 08:47:12.507325: end s21_snorkel.py: duration 00:08:14.02
2023-06-17 08:51:04.260691: end Train Spacy: duration 00:50:8.95
2023-06-17 08:51:04.261258: start Train Spacy
2023-06-17 09:27:57.693572: end Train Spacy: duration 00:36:53.43
2023-06-17 09:27:57.694103: start Train Spacy
2023-06-17 11:04:01.556802: end Train Spacy: duration 01:36:3.86
2023-06-17 11:04:01.562447: end s4_train.py: duration 05:31:35.1
2023-06-17 11:04:01.564847: start s5_eval.py
2023-06-17 11:04:01.564947: start Evaluate Spacy
2023-06-17 11:04:31.509402: end Evaluate Spacy: duration 00:00:29.94
2023-06-17 11:04:31.509692: start Evaluate Spacy
2023-06-17 11:04:46.744501: end Evaluate Spacy: duration 00:00:15.23
2023-06-17 11:04:46.744714: start Evaluate Spacy
2023-06-17 11:05:01.713298: end Evaluate Spacy: duration 00:00:14.97
2023-06-17 11:05:01.713533: start Evaluate Spacy
2023-06-17 11:05:19.556127: end Evaluate Spacy: duration 00:00:17.84
2023-06-17 11:05:19.556304: start Evaluate Spacy
2023-06-17 11:05:35.774813: end Evaluate Spacy: duration 00:00:16.22
2023-06-17 11:05:35.782872: start Evaluate Spacy
2023-06-17 11:05:59.437965: end Evaluate Spacy: duration 00:00:23.65
2023-06-17 11:05:59.438186: start Evaluate Spacy
2023-06-17 11:06:27.005775: end Evaluate Spacy: duration 00:00:27.57
2023-06-17 11:06:27.006006: start Evaluate Spacy
2023-06-17 11:06:54.288295: end Evaluate Spacy: duration 00:00:27.28
2023-06-17 11:06:54.288524: start Evaluate Spacy
2023-06-17 11:07:21.060683: end Evaluate Spacy: duration 00:00:26.77
2023-06-17 11:07:21.060935: start Evaluate Spacy
2023-06-17 11:07:44.752405: end Evaluate Spacy: duration 00:00:23.69
2023-06-17 11:07:44.760586: end s5_eval.py: duration 00:03:43.2
2023-06-17 11:07:44.765404: start sfinal_test.py
2023-06-17 11:08:04.615128: end sfinal_test.py: duration 00:00:19.85
2023-06-17 11:08:04.615331: end master.py: duration 185:02:0.78
2023-06-17 11:15:54.964474: start master.py
2023-06-17 11:15:54.979032: start s1_data.py
2023-06-17 11:16:00.635865: end s1_data.py: duration 00:00:5.66
2023-06-17 11:16:00.639067: start s21_snorkel.py
2023-06-17 11:22:44.039499: end s21_snorkel.py: duration 00:06:43.4
2023-06-17 11:22:44.042321: start s22_da.py
2023-06-18 07:54:10.800656: start master.py
2023-06-18 07:54:10.809836: start s1_data.py
2023-06-18 07:54:16.981560: end s1_data.py: duration 00:00:6.17
2023-06-18 07:54:16.982820: start s21_snorkel.py
2023-06-18 07:59:38.538191: end s21_snorkel.py: duration 00:05:21.56
2023-06-18 07:59:38.538673: start s22_da.py
2023-06-19 22:27:43.666439: start master.py
2023-06-19 22:27:43.676937: start s1_data.py
2023-06-19 22:27:49.826619: end s1_data.py: duration 00:00:6.15
2023-06-19 22:27:49.827359: start s21_snorkel.py
2023-06-19 22:34:07.158665: end s21_snorkel.py: duration 00:06:17.33
2023-06-19 22:34:07.161982: start s22_da.py
2023-06-21 18:56:01.959307: end s22_da.py: duration 44:21:54.8
2023-06-21 18:56:01.961674: start s23_tl.py
2023-06-21 19:12:57.184800: end s23_tl.py: duration 00:16:55.22
2023-06-21 19:12:57.191191: start s24_comb.py
2023-06-25 23:23:33.227313: end s24_comb.py: duration 100:10:36.04
2023-06-25 23:23:33.229281: start s3_prep.py
2023-06-26 00:03:17.757653: end s3_prep.py: duration 00:39:44.53
2023-06-26 00:03:17.759161: start s4_train.py
2023-06-26 00:03:17.759806: start Train Spacy
2023-06-26 00:29:07.256771: end Train Spacy: duration 00:25:49.5
2023-06-26 00:29:07.257394: start Train Spacy
2023-06-26 00:46:03.195302: end Train Spacy: duration 00:16:55.94
2023-06-26 00:46:03.196225: start Train Spacy
2023-06-26 01:24:08.647218: end Train Spacy: duration 00:38:5.45
2023-06-26 01:24:08.648577: start Train Spacy
2023-06-26 01:38:07.615350: end Train Spacy: duration 00:13:58.97
2023-06-26 01:38:07.616116: start Train Spacy
2023-06-26 02:05:22.949068: end Train Spacy: duration 00:27:15.33
2023-06-26 02:05:22.956605: end s4_train.py: duration 02:02:5.2
2023-06-26 02:05:22.957739: start s5_eval.py
2023-06-26 02:05:22.957983: start Evaluate Spacy
2023-06-26 02:05:42.657449: end Evaluate Spacy: duration 00:00:19.7
2023-06-26 02:05:42.657892: start Evaluate Spacy
2023-06-26 02:06:01.304597: end Evaluate Spacy: duration 00:00:18.65
2023-06-26 02:06:01.304869: start Evaluate Spacy
2023-06-26 02:06:19.706275: end Evaluate Spacy: duration 00:00:18.4
2023-06-26 02:06:19.706584: start Evaluate Spacy
2023-06-26 02:06:38.156426: end Evaluate Spacy: duration 00:00:18.45
2023-06-26 02:06:38.156763: start Evaluate Spacy
2023-06-26 02:06:56.841185: end Evaluate Spacy: duration 00:00:18.68
2023-06-26 02:06:56.846175: end s5_eval.py: duration 00:01:33.89
2023-06-26 02:06:56.847574: start sfinal_test.py
2023-06-26 02:07:10.072011: end sfinal_test.py: duration 00:00:13.22
2023-06-26 02:07:10.072190: end master.py: duration 147:39:26.41
